<?xml version="1.0" encoding="UTF-8"?>
<!-- Generated by org.testng.reporters.JUnitReportReporter -->
<testsuite hostname="LAPTOP-K1LSNNGL" failures="0" tests="1" name="TestRunner.TestRunner" time="4.911" errors="0" timestamp="2024-04-11T12:53:04 IST" skipped="0">
  <testcase classname="TestRunner.TestRunner" name="runScenario" time="4.911"/>
  <system-out/>
</testsuite> <!-- TestRunner.TestRunner -->
